<?xml version="1.0" encoding="UTF-8"?>
<!-- Generated by org.testng.reporters.JUnitReportReporter -->
<testsuite hostname="EPUAKHAW0474" name="com.epam.tests.TestCompareProductCharacteristicsInDifferentSections" tests="2" failures="0" timestamp="18 Nov 2013 13:37:35 GMT" time="135.144" errors="0">
  <testcase name="CompareProductInformation" time="69.593" classname="com.epam.tests.TestCompareProductCharacteristicsInDifferentSections"/>
  <testcase name="CompareProductInformation" time="65.551" classname="com.epam.tests.TestCompareProductCharacteristicsInDifferentSections"/>
</testsuite> <!-- com.epam.tests.TestCompareProductCharacteristicsInDifferentSections -->
