<?xml version="1.0" encoding="UTF-8"?>
<!-- Generated by org.testng.reporters.JUnitReportReporter -->
<testsuite hostname="EPUAKHAW0474" name="com.epam.tests.TestCompareProductCharacteristics" tests="4" failures="0" timestamp="15 Nov 2013 16:22:07 GMT" time="68.640" errors="0">
  <testcase name="CompareProductInformation" time="32.360" classname="com.epam.tests.TestCompareProductCharacteristics"/>
  <testcase name="CompareProductInformation" time="26.801" classname="com.epam.tests.TestCompareProductCharacteristics"/>
  <testcase name="CheckProductEqualityInTable" time="4.996" classname="com.epam.tests.TestCompareProductCharacteristics"/>
  <testcase name="CheckProductEqualityInTable" time="4.483" classname="com.epam.tests.TestCompareProductCharacteristics"/>
</testsuite> <!-- com.epam.tests.TestCompareProductCharacteristics -->
