<?xml version="1.0" encoding="UTF-8"?>
<!-- Generated by org.testng.reporters.JUnitReportReporter -->
<testsuite hostname="EPUAKHAW0474" name="com.epam.onlineUa.TestOnlineUa" tests="1" failures="0" timestamp="22 Oct 2013 13:10:21 GMT" time="11.916" errors="0">
  <testcase name="testOnlineUaSentAndReceiveEmail" time="11.916" classname="com.epam.onlineUa.TestOnlineUa"/>
</testsuite> <!-- com.epam.onlineUa.TestOnlineUa -->
