<?xml version="1.0" encoding="UTF-8"?>
<!-- Generated by org.testng.reporters.JUnitReportReporter -->
<testsuite hostname="EPUAKHAW0474" name="com.epam.tests.TestCompareProductCharacteristics" tests="4" failures="0" timestamp="14 Nov 2013 15:00:35 GMT" time="68.022" errors="0">
  <testcase name="CheckProductEqualityInTable" time="4.547" classname="com.epam.tests.TestCompareProductCharacteristics"/>
  <testcase name="CompareProductInformation" time="24.425" classname="com.epam.tests.TestCompareProductCharacteristics"/>
  <testcase name="CheckProductEqualityInTable" time="5.772" classname="com.epam.tests.TestCompareProductCharacteristics"/>
  <testcase name="CompareProductInformation" time="33.278" classname="com.epam.tests.TestCompareProductCharacteristics"/>
</testsuite> <!-- com.epam.tests.TestCompareProductCharacteristics -->
