<?xml version="1.0" encoding="UTF-8"?>
<!-- Generated by org.testng.reporters.JUnitReportReporter -->
<testsuite hostname="EPUAKHAW0474" name="com.epam.tests.TestCompareCharacteristics" tests="2" failures="0" timestamp="12 Nov 2013 06:55:48 GMT" time="46.536" errors="0">
  <testcase name="CompareProductInformation" time="38.087" classname="com.epam.tests.TestCompareCharacteristics"/>
  <testcase name="CheckEquality" time="8.449" classname="com.epam.tests.TestCompareCharacteristics"/>
</testsuite> <!-- com.epam.tests.TestCompareCharacteristics -->
