<?xml version="1.0" encoding="UTF-8"?>
<!-- Generated by org.testng.reporters.JUnitReportReporter -->
<testsuite hostname="EPUAKHAW0474" name="com.epam.tests.TestCompareProductCharacteristics" tests="4" failures="0" timestamp="14 Nov 2013 08:47:20 GMT" time="67.419" errors="0">
  <testcase name="CheckProductEqualityInTable" time="4.181" classname="com.epam.tests.TestCompareProductCharacteristics"/>
  <testcase name="CheckProductEqualityInTable" time="3.923" classname="com.epam.tests.TestCompareProductCharacteristics"/>
  <testcase name="CompareProductInformation" time="33.510" classname="com.epam.tests.TestCompareProductCharacteristics"/>
  <testcase name="CompareProductInformation" time="25.805" classname="com.epam.tests.TestCompareProductCharacteristics"/>
</testsuite> <!-- com.epam.tests.TestCompareProductCharacteristics -->
