<?xml version="1.0" encoding="UTF-8"?>
<!-- Generated by org.testng.reporters.JUnitReportReporter -->
<testsuite hostname="EPUAKHAW0474" name="com.epam.tests.TestCheckPriceFilter" tests="4" failures="0" timestamp="14 Nov 2013 08:38:10 GMT" time="382.616" errors="0">
  <testcase name="CheckPriceFilter" time="299.851" classname="com.epam.tests.TestCheckPriceFilter"/>
  <testcase name="CheckPriceFilter" time="29.752" classname="com.epam.tests.TestCheckPriceFilter"/>
  <testcase name="CheckPriceFilter" time="23.332" classname="com.epam.tests.TestCheckPriceFilter"/>
  <testcase name="CheckPriceFilter" time="29.681" classname="com.epam.tests.TestCheckPriceFilter"/>
</testsuite> <!-- com.epam.tests.TestCheckPriceFilter -->
