<?xml version="1.0" encoding="UTF-8"?>
<!-- Generated by org.testng.reporters.JUnitReportReporter -->
<testsuite hostname="EPUAKHAW0474" name="com.epam.tests.TestCheckSortingByPriceAndTitle" tests="3" failures="0" timestamp="14 Nov 2013 08:38:10 GMT" time="560.997" errors="0">
  <testcase name="CompareTitles" time="487.705" classname="com.epam.tests.TestCheckSortingByPriceAndTitle"/>
  <testcase name="CompareTitles" time="23.522" classname="com.epam.tests.TestCheckSortingByPriceAndTitle"/>
  <testcase name="ComparePrices" time="49.770" classname="com.epam.tests.TestCheckSortingByPriceAndTitle"/>
</testsuite> <!-- com.epam.tests.TestCheckSortingByPriceAndTitle -->
