<?xml version="1.0" encoding="UTF-8"?>
<!-- Generated by org.testng.reporters.JUnitReportReporter -->
<testsuite hostname="EPUAKHAW0474" name="com.epam.tests.TestCheckFunctionsFilter" tests="1" failures="0" timestamp="14 Nov 2013 08:38:10 GMT" time="12.026" errors="0">
  <testcase name="CheckFunctionsFilter" time="12.026" classname="com.epam.tests.TestCheckFunctionsFilter"/>
</testsuite> <!-- com.epam.tests.TestCheckFunctionsFilter -->
