<?xml version="1.0" encoding="UTF-8"?>
<!-- Generated by org.testng.reporters.JUnitReportReporter -->
<testsuite hostname="EPUAKHAW0474" name="com.epam.tests.TestCheckPriceFilter" tests="1" failures="0" timestamp="12 Nov 2013 15:11:25 GMT" time="8.010" errors="0">
  <testcase name="CheckPriceFilter" time="8.010" classname="com.epam.tests.TestCheckPriceFilter"/>
</testsuite> <!-- com.epam.tests.TestCheckPriceFilter -->
