<?xml version="1.0" encoding="UTF-8"?>
<!-- Generated by org.testng.reporters.JUnitReportReporter -->
<testsuite hostname="EPUAKHAW0474" name="com.epam.tests.TestCheckProducerFilter" tests="1" failures="0" timestamp="14 Nov 2013 08:38:10 GMT" time="167.534" errors="0">
  <testcase name="CheckProducerFilter" time="167.534" classname="com.epam.tests.TestCheckProducerFilter"/>
</testsuite> <!-- com.epam.tests.TestCheckProducerFilter -->
