<?xml version="1.0" encoding="UTF-8"?>
<!-- Generated by org.testng.reporters.JUnitReportReporter -->
<testsuite hostname="EPUAKHAW0474" name="com.epam.tests.TestCheckHrefAndDescriptions" tests="3" failures="0" timestamp="14 Nov 2013 08:48:50 GMT" time="59.395" errors="0">
  <testcase name="CheckDescriptions" time="29.398" classname="com.epam.tests.TestCheckHrefAndDescriptions"/>
  <testcase name="CheckHref" time="22.461" classname="com.epam.tests.TestCheckHrefAndDescriptions"/>
  <testcase name="CheckHref" time="7.536" classname="com.epam.tests.TestCheckHrefAndDescriptions"/>
</testsuite> <!-- com.epam.tests.TestCheckHrefAndDescriptions -->
