<?xml version="1.0" encoding="UTF-8"?>
<!-- Generated by org.testng.reporters.JUnitReportReporter -->
<testsuite hostname="EPUAKHAW0474" name="com.epam.tests.TestCheckFunctionsFilter" tests="1" failures="0" timestamp="13 Nov 2013 08:56:47 GMT" time="20.784" errors="0">
  <testcase name="CheckFunctionsFilter" time="20.784" classname="com.epam.tests.TestCheckFunctionsFilter"/>
</testsuite> <!-- com.epam.tests.TestCheckFunctionsFilter -->
