<?xml version="1.0" encoding="UTF-8"?>
<!-- Generated by org.testng.reporters.JUnitReportReporter -->
<testsuite hostname="EPUAKHAW0474" name="com.epam.tests.TestCompareProductCharacteristics" tests="2" failures="0" timestamp="12 Nov 2013 09:06:25 GMT" time="51.273" errors="0">
  <testcase name="CompareProductInformation" time="40.832" classname="com.epam.tests.TestCompareProductCharacteristics"/>
  <testcase name="CheckProductEqualityInTable" time="10.441" classname="com.epam.tests.TestCompareProductCharacteristics"/>
</testsuite> <!-- com.epam.tests.TestCompareProductCharacteristics -->
