<?xml version="1.0" encoding="UTF-8"?>
<!-- Generated by org.testng.reporters.JUnitReportReporter -->
<testsuite hostname="EPUAKHAW0474" name="com.epam.tests.TestCheckSortingByPriceAndTitle" tests="2" failures="0" timestamp="12 Nov 2013 08:50:36 GMT" time="69.909" errors="0">
  <testcase name="CompareTitles" time="28.093" classname="com.epam.tests.TestCheckSortingByPriceAndTitle"/>
  <testcase name="ComparePrices" time="41.816" classname="com.epam.tests.TestCheckSortingByPriceAndTitle"/>
</testsuite> <!-- com.epam.tests.TestCheckSortingByPriceAndTitle -->
