<?xml version="1.0" encoding="UTF-8"?>
<!-- Generated by org.testng.reporters.JUnitReportReporter -->
<testsuite hostname="EPUAKHAW0474" name="com.epam.tests.TestCheckHrefAndDescriptions" tests="3" failures="0" timestamp="12 Nov 2013 08:50:36 GMT" time="65.532" errors="0">
  <testcase name="CheckDescriptions" time="25.996" classname="com.epam.tests.TestCheckHrefAndDescriptions"/>
  <testcase name="CheckHref" time="26.627" classname="com.epam.tests.TestCheckHrefAndDescriptions"/>
  <testcase name="CheckHref" time="12.909" classname="com.epam.tests.TestCheckHrefAndDescriptions"/>
</testsuite> <!-- com.epam.tests.TestCheckHrefAndDescriptions -->
