<?xml version="1.0" encoding="UTF-8"?>
<!-- Generated by org.testng.reporters.JUnitReportReporter -->
<testsuite hostname="Svitlana-ПК" name="com.epam.tests.TestCheckPriceFilter" tests="1" failures="0" timestamp="10 Nov 2013 22:37:58 GMT" time="36.993" errors="0">
  <testcase name="CheckPriceFilter" time="36.993" classname="com.epam.tests.TestCheckPriceFilter"/>
</testsuite> <!-- com.epam.tests.TestCheckPriceFilter -->
