<?xml version="1.0" encoding="UTF-8"?>
<!-- Generated by org.testng.reporters.JUnitReportReporter -->
<testsuite hostname="EPUAKHAW0474" name="com.epam.tests.TestCompareProductInformation" tests="1" failures="0" timestamp="11 Nov 2013 10:28:24 GMT" time="38.706" errors="0">
  <testcase name="CompareProductInformation" time="38.706" classname="com.epam.tests.TestCompareProductInformation"/>
</testsuite> <!-- com.epam.tests.TestCompareProductInformation -->
