<?xml version="1.0" encoding="UTF-8"?>
<!-- Generated by org.testng.reporters.JUnitReportReporter -->
<testsuite hostname="EPUAKHAW0474" name="com.epam.tests.TestCompareProductInformation" tests="1" failures="0" timestamp="8 Nov 2013 11:00:01 GMT" time="35.225" errors="0">
  <testcase name="CompareProductInformation" time="35.225" classname="com.epam.tests.TestCompareProductInformation"/>
</testsuite> <!-- com.epam.tests.TestCompareProductInformation -->
