<?xml version="1.0" encoding="UTF-8"?>
<!-- Generated by org.testng.reporters.JUnitReportReporter -->
<testsuite hostname="Svitlana-ПК" name="com.epam.tests.TestCheckProducerFilter" tests="1" failures="0" timestamp="10 Nov 2013 22:29:58 GMT" time="158.547" errors="0">
  <testcase name="CheckProducerFilter" time="158.547" classname="com.epam.tests.TestCheckProducerFilter"/>
</testsuite> <!-- com.epam.tests.TestCheckProducerFilter -->
