<?xml version="1.0" encoding="UTF-8"?>
<!-- Generated by org.testng.reporters.JUnitReportReporter -->
<testsuite hostname="EPUAKHAW0474" name="com.epam.tests.TestCompareProductInformation" tests="1" failures="0" timestamp="11 Nov 2013 11:26:59 GMT" time="40.423" errors="0">
  <testcase name="CompareProductInformation" time="40.423" classname="com.epam.tests.TestCompareProductInformation"/>
</testsuite> <!-- com.epam.tests.TestCompareProductInformation -->
