<?xml version="1.0" encoding="UTF-8"?>
<!-- Generated by org.testng.reporters.JUnitReportReporter -->
<testsuite hostname="EPUAKHAW0474" name="com.epam.tests.TestCompareCharacteristics" tests="2" failures="0" timestamp="11 Nov 2013 12:32:04 GMT" time="48.321" errors="0">
  <testcase name="CompareProductInformation" time="39.707" classname="com.epam.tests.TestCompareCharacteristics"/>
  <testcase name="CheckEquality" time="8.614" classname="com.epam.tests.TestCompareCharacteristics"/>
</testsuite> <!-- com.epam.tests.TestCompareCharacteristics -->
