<?xml version="1.0" encoding="UTF-8"?>
<!-- Generated by org.testng.reporters.JUnitReportReporter -->
<testsuite hostname="EPUAKHAW0474" name="com.epam.tests.TestCheckFunctionsFilter" tests="1" failures="0" timestamp="11 Nov 2013 09:06:31 GMT" time="36.112" errors="0">
  <testcase name="CheckFunctionsFilter" time="36.112" classname="com.epam.tests.TestCheckFunctionsFilter"/>
</testsuite> <!-- com.epam.tests.TestCheckFunctionsFilter -->
