<?xml version="1.0" encoding="UTF-8"?>
<!-- Generated by org.testng.reporters.JUnitReportReporter -->
<testsuite hostname="EPUAKHAW0474" name="com.epam.tests.TestCompareSorting" tests="2" failures="0" timestamp="11 Nov 2013 11:41:08 GMT" time="70.329" errors="0">
  <testcase name="ComparePrices" time="43.705" classname="com.epam.tests.TestCompareSorting"/>
  <testcase name="CompareTitles" time="26.624" classname="com.epam.tests.TestCompareSorting"/>
</testsuite> <!-- com.epam.tests.TestCompareSorting -->
