<?xml version="1.0" encoding="UTF-8"?>
<!-- Generated by org.testng.reporters.JUnitReportReporter -->
<testsuite hostname="EPUAKHAW0474" name="com.epam.tests.TestCheckFunctionsFilter" tests="1" failures="0" timestamp="7 Nov 2013 14:18:28 GMT" time="28.584" errors="0">
  <testcase name="CheckFunctionsFilter" time="28.584" classname="com.epam.tests.TestCheckFunctionsFilter"/>
</testsuite> <!-- com.epam.tests.TestCheckFunctionsFilter -->
