<?xml version="1.0" encoding="UTF-8" ?>
<testsuite failures="1" time="33.426" errors="0" skipped="0" tests="2" name="TestSuite">
  <properties>
    <property name="java.runtime.name" value="Java(TM) SE Runtime Environment"/>
    <property name="sun.boot.library.path" value="C:\Program Files (x86)\Java\jre7\bin"/>
    <property name="java.vm.version" value="24.0-b56"/>
    <property name="java.vm.vendor" value="Oracle Corporation"/>
    <property name="java.vendor.url" value="http://java.oracle.com/"/>
    <property name="path.separator" value=";"/>
    <property name="java.vm.name" value="Java HotSpot(TM) Client VM"/>
    <property name="file.encoding.pkg" value="sun.io"/>
    <property name="user.script" value=""/>
    <property name="user.country" value="RU"/>
    <property name="sun.java.launcher" value="SUN_STANDARD"/>
    <property name="sun.os.patch.level" value="Service Pack 1"/>
    <property name="java.vm.specification.name" value="Java Virtual Machine Specification"/>
    <property name="user.dir" value="D:\java\Maven"/>
    <property name="java.runtime.version" value="1.7.0_40-b43"/>
    <property name="java.awt.graphicsenv" value="sun.awt.Win32GraphicsEnvironment"/>
    <property name="basedir" value="D:\java\Maven"/>
    <property name="java.endorsed.dirs" value="C:\Program Files (x86)\Java\jre7\lib\endorsed"/>
    <property name="os.arch" value="x86"/>
    <property name="surefire.real.class.path" value="D:\java\Maven\target\surefire\surefirebooter889057406014536208.jar"/>
    <property name="java.io.tmpdir" value="C:\Users\Svitlana\AppData\Local\Temp\"/>
    <property name="line.separator" value="
"/>
    <property name="java.vm.specification.vendor" value="Oracle Corporation"/>
    <property name="user.variant" value=""/>
    <property name="os.name" value="Windows 7"/>
    <property name="sun.jnu.encoding" value="Cp1251"/>
    <property name="java.library.path" value="C:\Program Files (x86)\Java\jre7\bin;C:\Windows\Sun\Java\bin;C:\Windows\system32;C:\Windows;C:/Program Files (x86)/Java/jre7/bin/client;C:/Program Files (x86)/Java/jre7/bin;C:/Program Files (x86)/Java/jre7/lib/i386;C:\Windows\system32;C:\Windows;C:\Windows\System32\Wbem;C:\Windows\System32\WindowsPowerShell\v1.0\;C:\Program Files\7-Zip;D:\install\bin;D:\install\eclipse-java-indigo-SR1-win32\eclipse;;."/>
    <property name="surefire.test.class.path" value="D:\java\Maven\target\test-classes;D:\java\Maven\target\classes;C:\Users\Svitlana\.m2\repository\com\opera\operalaunchers\1.1\operalaunchers-1.1.jar;C:\Users\Svitlana\.m2\repository\com\google\guava\guava\12.0.1\guava-12.0.1.jar;C:\Users\Svitlana\.m2\repository\com\google\code\findbugs\jsr305\1.3.9\jsr305-1.3.9.jar;C:\Users\Svitlana\.m2\repository\org\seleniumhq\selenium\selenium-server\2.37.0\selenium-server-2.37.0.jar;C:\Users\Svitlana\.m2\repository\org\bouncycastle\bcprov-jdk15on\1.48\bcprov-jdk15on-1.48.jar;C:\Users\Svitlana\.m2\repository\org\bouncycastle\bcpkix-jdk15on\1.48\bcpkix-jdk15on-1.48.jar;C:\Users\Svitlana\.m2\repository\mx4j\mx4j-tools\3.0.1\mx4j-tools-3.0.1.jar;C:\Users\Svitlana\.m2\repository\org\mortbay\jetty\servlet-api-2.5\6.1.9\servlet-api-2.5-6.1.9.jar;C:\Users\Svitlana\.m2\repository\org\seleniumhq\selenium\jetty-repacked\7.6.1\jetty-repacked-7.6.1.jar;C:\Users\Svitlana\.m2\repository\net\jcip\jcip-annotations\1.0\jcip-annotations-1.0.jar;C:\Users\Svitlana\.m2\repository\org\seleniumhq\selenium\selenium-java\2.37.0\selenium-java-2.37.0.jar;C:\Users\Svitlana\.m2\repository\org\seleniumhq\selenium\selenium-android-driver\2.37.0\selenium-android-driver-2.37.0.jar;C:\Users\Svitlana\.m2\repository\org\seleniumhq\selenium\selenium-remote-driver\2.37.0\selenium-remote-driver-2.37.0.jar;C:\Users\Svitlana\.m2\repository\cglib\cglib-nodep\2.1_3\cglib-nodep-2.1_3.jar;C:\Users\Svitlana\.m2\repository\org\json\json\20080701\json-20080701.jar;C:\Users\Svitlana\.m2\repository\org\seleniumhq\selenium\selenium-chrome-driver\2.37.0\selenium-chrome-driver-2.37.0.jar;C:\Users\Svitlana\.m2\repository\org\seleniumhq\selenium\selenium-htmlunit-driver\2.37.0\selenium-htmlunit-driver-2.37.0.jar;C:\Users\Svitlana\.m2\repository\net\sourceforge\htmlunit\htmlunit\2.13\htmlunit-2.13.jar;C:\Users\Svitlana\.m2\repository\xalan\xalan\2.7.1\xalan-2.7.1.jar;C:\Users\Svitlana\.m2\repository\xalan\serializer\2.7.1\serializer-2.7.1.jar;C:\Users\Svitlana\.m2\repository\commons-collections\commons-collections\3.2.1\commons-collections-3.2.1.jar;C:\Users\Svitlana\.m2\repository\org\apache\commons\commons-lang3\3.1\commons-lang3-3.1.jar;C:\Users\Svitlana\.m2\repository\org\apache\httpcomponents\httpmime\4.3.1\httpmime-4.3.1.jar;C:\Users\Svitlana\.m2\repository\net\sourceforge\htmlunit\htmlunit-core-js\2.13\htmlunit-core-js-2.13.jar;C:\Users\Svitlana\.m2\repository\xerces\xercesImpl\2.11.0\xercesImpl-2.11.0.jar;C:\Users\Svitlana\.m2\repository\xml-apis\xml-apis\1.4.01\xml-apis-1.4.01.jar;C:\Users\Svitlana\.m2\repository\net\sourceforge\nekohtml\nekohtml\1.9.19\nekohtml-1.9.19.jar;C:\Users\Svitlana\.m2\repository\net\sourceforge\cssparser\cssparser\0.9.11\cssparser-0.9.11.jar;C:\Users\Svitlana\.m2\repository\org\w3c\css\sac\1.3\sac-1.3.jar;C:\Users\Svitlana\.m2\repository\commons-logging\commons-logging\1.1.3\commons-logging-1.1.3.jar;C:\Users\Svitlana\.m2\repository\org\eclipse\jetty\jetty-websocket\8.1.12.v20130726\jetty-websocket-8.1.12.v20130726.jar;C:\Users\Svitlana\.m2\repository\org\eclipse\jetty\jetty-util\8.1.12.v20130726\jetty-util-8.1.12.v20130726.jar;C:\Users\Svitlana\.m2\repository\org\eclipse\jetty\jetty-io\8.1.12.v20130726\jetty-io-8.1.12.v20130726.jar;C:\Users\Svitlana\.m2\repository\org\eclipse\jetty\jetty-http\8.1.12.v20130726\jetty-http-8.1.12.v20130726.jar;C:\Users\Svitlana\.m2\repository\org\apache\httpcomponents\httpclient\4.3\httpclient-4.3.jar;C:\Users\Svitlana\.m2\repository\org\apache\httpcomponents\httpcore\4.3\httpcore-4.3.jar;C:\Users\Svitlana\.m2\repository\org\seleniumhq\selenium\selenium-firefox-driver\2.37.0\selenium-firefox-driver-2.37.0.jar;C:\Users\Svitlana\.m2\repository\commons-io\commons-io\2.2\commons-io-2.2.jar;C:\Users\Svitlana\.m2\repository\org\apache\commons\commons-exec\1.1\commons-exec-1.1.jar;C:\Users\Svitlana\.m2\repository\org\seleniumhq\selenium\selenium-ie-driver\2.37.0\selenium-ie-driver-2.37.0.jar;C:\Users\Svitlana\.m2\repository\net\java\dev\jna\jna\3.4.0\jna-3.4.0.jar;C:\Users\Svitlana\.m2\repository\net\java\dev\jna\platform\3.4.0\platform-3.4.0.jar;C:\Users\Svitlana\.m2\repository\org\seleniumhq\selenium\selenium-iphone-driver\2.37.0\selenium-iphone-driver-2.37.0.jar;C:\Users\Svitlana\.m2\repository\org\seleniumhq\selenium\selenium-safari-driver\2.37.0\selenium-safari-driver-2.37.0.jar;C:\Users\Svitlana\.m2\repository\org\seleniumhq\selenium\selenium-support\2.37.0\selenium-support-2.37.0.jar;C:\Users\Svitlana\.m2\repository\org\seleniumhq\selenium\selenium-api\2.37.0\selenium-api-2.37.0.jar;C:\Users\Svitlana\.m2\repository\org\webbitserver\webbit\0.4.14\webbit-0.4.14.jar;C:\Users\Svitlana\.m2\repository\io\netty\netty\3.5.2.Final\netty-3.5.2.Final.jar;C:\Users\Svitlana\.m2\repository\org\yaml\snakeyaml\1.8\snakeyaml-1.8.jar;C:\Users\Svitlana\.m2\repository\commons-codec\commons-codec\1.6\commons-codec-1.6.jar;C:\Users\Svitlana\.m2\repository\org\testng\testng\6.1.1\testng-6.1.1.jar;C:\Users\Svitlana\.m2\repository\org\beanshell\bsh\2.0b4\bsh-2.0b4.jar;C:\Users\Svitlana\.m2\repository\com\beust\jcommander\1.12\jcommander-1.12.jar;C:\Users\Svitlana\.m2\repository\junit\junit\3.8.1\junit-3.8.1.jar;"/>
    <property name="java.specification.name" value="Java Platform API Specification"/>
    <property name="java.class.version" value="51.0"/>
    <property name="sun.management.compiler" value="HotSpot Client Compiler"/>
    <property name="os.version" value="6.1"/>
    <property name="user.home" value="C:\Users\Svitlana"/>
    <property name="user.timezone" value="Europe/Moscow"/>
    <property name="java.awt.printerjob" value="sun.awt.windows.WPrinterJob"/>
    <property name="java.specification.version" value="1.7"/>
    <property name="file.encoding" value="Cp1251"/>
    <property name="user.name" value="Svitlana"/>
    <property name="java.class.path" value="D:\java\Maven\target\test-classes;D:\java\Maven\target\classes;C:\Users\Svitlana\.m2\repository\com\opera\operalaunchers\1.1\operalaunchers-1.1.jar;C:\Users\Svitlana\.m2\repository\com\google\guava\guava\12.0.1\guava-12.0.1.jar;C:\Users\Svitlana\.m2\repository\com\google\code\findbugs\jsr305\1.3.9\jsr305-1.3.9.jar;C:\Users\Svitlana\.m2\repository\org\seleniumhq\selenium\selenium-server\2.37.0\selenium-server-2.37.0.jar;C:\Users\Svitlana\.m2\repository\org\bouncycastle\bcprov-jdk15on\1.48\bcprov-jdk15on-1.48.jar;C:\Users\Svitlana\.m2\repository\org\bouncycastle\bcpkix-jdk15on\1.48\bcpkix-jdk15on-1.48.jar;C:\Users\Svitlana\.m2\repository\mx4j\mx4j-tools\3.0.1\mx4j-tools-3.0.1.jar;C:\Users\Svitlana\.m2\repository\org\mortbay\jetty\servlet-api-2.5\6.1.9\servlet-api-2.5-6.1.9.jar;C:\Users\Svitlana\.m2\repository\org\seleniumhq\selenium\jetty-repacked\7.6.1\jetty-repacked-7.6.1.jar;C:\Users\Svitlana\.m2\repository\net\jcip\jcip-annotations\1.0\jcip-annotations-1.0.jar;C:\Users\Svitlana\.m2\repository\org\seleniumhq\selenium\selenium-java\2.37.0\selenium-java-2.37.0.jar;C:\Users\Svitlana\.m2\repository\org\seleniumhq\selenium\selenium-android-driver\2.37.0\selenium-android-driver-2.37.0.jar;C:\Users\Svitlana\.m2\repository\org\seleniumhq\selenium\selenium-remote-driver\2.37.0\selenium-remote-driver-2.37.0.jar;C:\Users\Svitlana\.m2\repository\cglib\cglib-nodep\2.1_3\cglib-nodep-2.1_3.jar;C:\Users\Svitlana\.m2\repository\org\json\json\20080701\json-20080701.jar;C:\Users\Svitlana\.m2\repository\org\seleniumhq\selenium\selenium-chrome-driver\2.37.0\selenium-chrome-driver-2.37.0.jar;C:\Users\Svitlana\.m2\repository\org\seleniumhq\selenium\selenium-htmlunit-driver\2.37.0\selenium-htmlunit-driver-2.37.0.jar;C:\Users\Svitlana\.m2\repository\net\sourceforge\htmlunit\htmlunit\2.13\htmlunit-2.13.jar;C:\Users\Svitlana\.m2\repository\xalan\xalan\2.7.1\xalan-2.7.1.jar;C:\Users\Svitlana\.m2\repository\xalan\serializer\2.7.1\serializer-2.7.1.jar;C:\Users\Svitlana\.m2\repository\commons-collections\commons-collections\3.2.1\commons-collections-3.2.1.jar;C:\Users\Svitlana\.m2\repository\org\apache\commons\commons-lang3\3.1\commons-lang3-3.1.jar;C:\Users\Svitlana\.m2\repository\org\apache\httpcomponents\httpmime\4.3.1\httpmime-4.3.1.jar;C:\Users\Svitlana\.m2\repository\net\sourceforge\htmlunit\htmlunit-core-js\2.13\htmlunit-core-js-2.13.jar;C:\Users\Svitlana\.m2\repository\xerces\xercesImpl\2.11.0\xercesImpl-2.11.0.jar;C:\Users\Svitlana\.m2\repository\xml-apis\xml-apis\1.4.01\xml-apis-1.4.01.jar;C:\Users\Svitlana\.m2\repository\net\sourceforge\nekohtml\nekohtml\1.9.19\nekohtml-1.9.19.jar;C:\Users\Svitlana\.m2\repository\net\sourceforge\cssparser\cssparser\0.9.11\cssparser-0.9.11.jar;C:\Users\Svitlana\.m2\repository\org\w3c\css\sac\1.3\sac-1.3.jar;C:\Users\Svitlana\.m2\repository\commons-logging\commons-logging\1.1.3\commons-logging-1.1.3.jar;C:\Users\Svitlana\.m2\repository\org\eclipse\jetty\jetty-websocket\8.1.12.v20130726\jetty-websocket-8.1.12.v20130726.jar;C:\Users\Svitlana\.m2\repository\org\eclipse\jetty\jetty-util\8.1.12.v20130726\jetty-util-8.1.12.v20130726.jar;C:\Users\Svitlana\.m2\repository\org\eclipse\jetty\jetty-io\8.1.12.v20130726\jetty-io-8.1.12.v20130726.jar;C:\Users\Svitlana\.m2\repository\org\eclipse\jetty\jetty-http\8.1.12.v20130726\jetty-http-8.1.12.v20130726.jar;C:\Users\Svitlana\.m2\repository\org\apache\httpcomponents\httpclient\4.3\httpclient-4.3.jar;C:\Users\Svitlana\.m2\repository\org\apache\httpcomponents\httpcore\4.3\httpcore-4.3.jar;C:\Users\Svitlana\.m2\repository\org\seleniumhq\selenium\selenium-firefox-driver\2.37.0\selenium-firefox-driver-2.37.0.jar;C:\Users\Svitlana\.m2\repository\commons-io\commons-io\2.2\commons-io-2.2.jar;C:\Users\Svitlana\.m2\repository\org\apache\commons\commons-exec\1.1\commons-exec-1.1.jar;C:\Users\Svitlana\.m2\repository\org\seleniumhq\selenium\selenium-ie-driver\2.37.0\selenium-ie-driver-2.37.0.jar;C:\Users\Svitlana\.m2\repository\net\java\dev\jna\jna\3.4.0\jna-3.4.0.jar;C:\Users\Svitlana\.m2\repository\net\java\dev\jna\platform\3.4.0\platform-3.4.0.jar;C:\Users\Svitlana\.m2\repository\org\seleniumhq\selenium\selenium-iphone-driver\2.37.0\selenium-iphone-driver-2.37.0.jar;C:\Users\Svitlana\.m2\repository\org\seleniumhq\selenium\selenium-safari-driver\2.37.0\selenium-safari-driver-2.37.0.jar;C:\Users\Svitlana\.m2\repository\org\seleniumhq\selenium\selenium-support\2.37.0\selenium-support-2.37.0.jar;C:\Users\Svitlana\.m2\repository\org\seleniumhq\selenium\selenium-api\2.37.0\selenium-api-2.37.0.jar;C:\Users\Svitlana\.m2\repository\org\webbitserver\webbit\0.4.14\webbit-0.4.14.jar;C:\Users\Svitlana\.m2\repository\io\netty\netty\3.5.2.Final\netty-3.5.2.Final.jar;C:\Users\Svitlana\.m2\repository\org\yaml\snakeyaml\1.8\snakeyaml-1.8.jar;C:\Users\Svitlana\.m2\repository\commons-codec\commons-codec\1.6\commons-codec-1.6.jar;C:\Users\Svitlana\.m2\repository\org\testng\testng\6.1.1\testng-6.1.1.jar;C:\Users\Svitlana\.m2\repository\org\beanshell\bsh\2.0b4\bsh-2.0b4.jar;C:\Users\Svitlana\.m2\repository\com\beust\jcommander\1.12\jcommander-1.12.jar;C:\Users\Svitlana\.m2\repository\junit\junit\3.8.1\junit-3.8.1.jar;"/>
    <property name="java.vm.specification.version" value="1.7"/>
    <property name="sun.arch.data.model" value="32"/>
    <property name="java.home" value="C:\Program Files (x86)\Java\jre7"/>
    <property name="sun.java.command" value="D:\java\Maven\target\surefire\surefirebooter889057406014536208.jar D:\java\Maven\target\surefire\surefire1898448892288514464tmp D:\java\Maven\target\surefire\surefire5458590464126922206tmp"/>
    <property name="java.specification.vendor" value="Oracle Corporation"/>
    <property name="user.language" value="ru"/>
    <property name="awt.toolkit" value="sun.awt.windows.WToolkit"/>
    <property name="java.vm.info" value="mixed mode, sharing"/>
    <property name="java.version" value="1.7.0_40"/>
    <property name="java.ext.dirs" value="C:\Program Files (x86)\Java\jre7\lib\ext;C:\Windows\Sun\Java\lib\ext"/>
    <property name="sun.boot.class.path" value="C:\Program Files (x86)\Java\jre7\lib\resources.jar;C:\Program Files (x86)\Java\jre7\lib\rt.jar;C:\Program Files (x86)\Java\jre7\lib\sunrsasign.jar;C:\Program Files (x86)\Java\jre7\lib\jsse.jar;C:\Program Files (x86)\Java\jre7\lib\jce.jar;C:\Program Files (x86)\Java\jre7\lib\charsets.jar;C:\Program Files (x86)\Java\jre7\lib\jfr.jar;C:\Program Files (x86)\Java\jre7\classes"/>
    <property name="java.vendor" value="Oracle Corporation"/>
    <property name="localRepository" value="C:\Users\Svitlana\.m2\repository"/>
    <property name="file.separator" value="\"/>
    <property name="java.vendor.url.bug" value="http://bugreport.sun.com/bugreport/"/>
    <property name="sun.cpu.endian" value="little"/>
    <property name="sun.io.unicode.encoding" value="UnicodeLittle"/>
    <property name="sun.desktop" value="windows"/>
    <property name="sun.cpu.isalist" value="pentium_pro+mmx pentium_pro pentium+mmx pentium i486 i386 i86"/>
  </properties>
  <testcase time="13.138" classname="com.epam.onlineUa.TestOnlineUa" name="testOnlineUaSentAndReceiveEmail">
    <failure message="Element is no longer attached to the DOM
Command duration or timeout: 109 milliseconds
For documentation on this error, please visit: http://seleniumhq.org/exceptions/stale_element_reference.html
Build info: version: &apos;2.37.0&apos;, revision: &apos;a7c61cbd68657e133ae96672cf995890bad2ee42&apos;, time: &apos;2013-10-18 09:51:02&apos;
System info: host: &apos;Svitlana-pc&apos;, ip: &apos;192.168.1.2&apos;, os.name: &apos;Windows 7&apos;, os.arch: &apos;x86&apos;, os.version: &apos;6.1&apos;, java.version: &apos;1.7.0_40&apos;
Session ID: 334c6ab3-26db-49ef-94b9-f4dfee322094
Driver info: org.openqa.selenium.firefox.FirefoxDriver
Capabilities [{platform=XP, databaseEnabled=true, cssSelectorsEnabled=true, javascriptEnabled=true, acceptSslCerts=true, handlesAlerts=true, browserName=firefox, browserConnectionEnabled=true, nativeEvents=true, webStorageEnabled=true, rotatable=false, locationContextEnabled=true, applicationCacheEnabled=true, takesScreenshot=true, version=19.0.2}]" type="org.openqa.selenium.StaleElementReferenceException">org.openqa.selenium.StaleElementReferenceException: Element is no longer attached to the DOM
Command duration or timeout: 109 milliseconds
For documentation on this error, please visit: http://seleniumhq.org/exceptions/stale_element_reference.html
Build info: version: &apos;2.37.0&apos;, revision: &apos;a7c61cbd68657e133ae96672cf995890bad2ee42&apos;, time: &apos;2013-10-18 09:51:02&apos;
System info: host: &apos;Svitlana-pc&apos;, ip: &apos;192.168.1.2&apos;, os.name: &apos;Windows 7&apos;, os.arch: &apos;x86&apos;, os.version: &apos;6.1&apos;, java.version: &apos;1.7.0_40&apos;
Session ID: 334c6ab3-26db-49ef-94b9-f4dfee322094
Driver info: org.openqa.selenium.firefox.FirefoxDriver
Capabilities [{platform=XP, databaseEnabled=true, cssSelectorsEnabled=true, javascriptEnabled=true, acceptSslCerts=true, handlesAlerts=true, browserName=firefox, browserConnectionEnabled=true, nativeEvents=true, webStorageEnabled=true, rotatable=false, locationContextEnabled=true, applicationCacheEnabled=true, takesScreenshot=true, version=19.0.2}]
	at sun.reflect.NativeConstructorAccessorImpl.newInstance0(Native Method)
	at sun.reflect.NativeConstructorAccessorImpl.newInstance(Unknown Source)
	at sun.reflect.DelegatingConstructorAccessorImpl.newInstance(Unknown Source)
	at java.lang.reflect.Constructor.newInstance(Unknown Source)
	at org.openqa.selenium.remote.ErrorHandler.createThrowable(ErrorHandler.java:193)
	at org.openqa.selenium.remote.ErrorHandler.throwIfResponseFailed(ErrorHandler.java:145)
	at org.openqa.selenium.remote.RemoteWebDriver.execute(RemoteWebDriver.java:554)
	at org.openqa.selenium.remote.RemoteWebElement.execute(RemoteWebElement.java:268)
	at org.openqa.selenium.remote.RemoteWebElement.findElement(RemoteWebElement.java:171)
	at org.openqa.selenium.remote.RemoteWebElement.findElementByClassName(RemoteWebElement.java:228)
	at org.openqa.selenium.By$ByClassName.findElement(By.java:393)
	at org.openqa.selenium.remote.RemoteWebElement.findElement(RemoteWebElement.java:167)
	at com.epam.pages.AllMailsPage.convertRowToLetter(AllMailsPage.java:61)
	at com.epam.pages.AllMailsPage.getLetter(AllMailsPage.java:50)
	at com.epam.onlineUa.TestOnlineUa.testOnlineUaSentAndReceiveEmail(TestOnlineUa.java:29)
Caused by: org.openqa.selenium.remote.ErrorHandler$UnknownServerException: Element is no longer attached to the DOM
Build info: version: &apos;2.37.0&apos;, revision: &apos;a7c61cbd68657e133ae96672cf995890bad2ee42&apos;, time: &apos;2013-10-18 09:51:02&apos;
System info: host: &apos;Svitlana-pc&apos;, ip: &apos;192.168.1.2&apos;, os.name: &apos;Windows 7&apos;, os.arch: &apos;x86&apos;, os.version: &apos;6.1&apos;, java.version: &apos;1.7.0_40&apos;
Driver info: driver.version: unknown
	at &lt;anonymous class&gt;.fxdriver.cache.getElementAt(resource://fxdriver/modules/web_element_cache.js:7618)
	at &lt;anonymous class&gt;.Utils.getElementAt(file:///C:/Users/Svitlana/AppData/Local/Temp/anonymous8093227729827495268webdriver-profile/extensions/fxdriver@googlecode.com/components/driver_component.js:7233)
	at &lt;anonymous class&gt;.FirefoxDriver.prototype.findElementInternal_(file:///C:/Users/Svitlana/AppData/Local/Temp/anonymous8093227729827495268webdriver-profile/extensions/fxdriver@googlecode.com/components/driver_component.js:8881)
	at &lt;anonymous class&gt;.FirefoxDriver.prototype.findChildElement(file:///C:/Users/Svitlana/AppData/Local/Temp/anonymous8093227729827495268webdriver-profile/extensions/fxdriver@googlecode.com/components/driver_component.js:8903)
	at &lt;anonymous class&gt;.DelayedCommand.prototype.executeInternal_/h(file:///C:/Users/Svitlana/AppData/Local/Temp/anonymous8093227729827495268webdriver-profile/extensions/fxdriver@googlecode.com/components/command_processor.js:10844)
	at &lt;anonymous class&gt;.DelayedCommand.prototype.executeInternal_(file:///C:/Users/Svitlana/AppData/Local/Temp/anonymous8093227729827495268webdriver-profile/extensions/fxdriver@googlecode.com/components/command_processor.js:10849)
	at &lt;anonymous class&gt;.DelayedCommand.prototype.execute/&lt;(file:///C:/Users/Svitlana/AppData/Local/Temp/anonymous8093227729827495268webdriver-profile/extensions/fxdriver@googlecode.com/components/command_processor.js:10791)
</failure>
    <system-out>@HL
@HL-------------------------------------------------------
@HL T E S T S
@HL-------------------------------------------------------
@SLRunning TestSuite
@SLRunning TestSuite
</system-out>
  </testcase>
  <testcase time="16.619" classname="Project.Maven.AppTest" name="testApp on instance testApp"/>
</testsuite>