<?xml version="1.0" encoding="UTF-8"?>
<!-- Generated by org.testng.reporters.JUnitReportReporter -->
<testsuite hostname="EPUAKHAW0474" name="com.epam.tests.TestCheckProducerFilter" tests="1" failures="0" timestamp="14 Nov 2013 10:26:47 GMT" time="110.032" errors="0">
  <testcase name="CheckProducerFilter" time="110.032" classname="com.epam.tests.TestCheckProducerFilter"/>
</testsuite> <!-- com.epam.tests.TestCheckProducerFilter -->
