<?xml version="1.0" encoding="UTF-8"?>
<!-- Generated by org.testng.reporters.JUnitReportReporter -->
<testsuite hostname="EPUAKHAW0474" name="com.epam.tests.TestCheckFunctionsFilter" tests="2" failures="0" timestamp="15 Nov 2013 12:35:45 GMT" time="27.987" errors="0">
  <testcase name="CheckFunctionsFilter" time="11.740" classname="com.epam.tests.TestCheckFunctionsFilter"/>
  <testcase name="CheckFunctionsFilter" time="16.247" classname="com.epam.tests.TestCheckFunctionsFilter"/>
</testsuite> <!-- com.epam.tests.TestCheckFunctionsFilter -->
