<?xml version="1.0" encoding="UTF-8"?>
<!-- Generated by org.testng.reporters.JUnitReportReporter -->
<testsuite hostname="EPUAKHAW0474" name="com.epam.tests.TestCheckPriceFilter" tests="4" failures="0" timestamp="15 Nov 2013 14:32:10 GMT" time="105.153" errors="0">
  <testcase name="CheckPriceFilter" time="25.661" classname="com.epam.tests.TestCheckPriceFilter"/>
  <testcase name="CheckPriceFilter" time="23.592" classname="com.epam.tests.TestCheckPriceFilter"/>
  <testcase name="CheckPriceFilter" time="35.292" classname="com.epam.tests.TestCheckPriceFilter"/>
  <testcase name="CheckPriceFilter" time="20.608" classname="com.epam.tests.TestCheckPriceFilter"/>
</testsuite> <!-- com.epam.tests.TestCheckPriceFilter -->
